<?xml version="1.0" encoding="UTF-8"?>
<testng-results skipped="0" failed="0" ignored="0" total="1" passed="1">
  <reporter-output>
  </reporter-output>
  <suite name="Default suite" duration-ms="5076" started-at="2022-01-07T15:12:10 IST" finished-at="2022-01-07T15:12:15 IST">
    <groups>
    </groups>
    <test name="Default test" duration-ms="5076" started-at="2022-01-07T15:12:10 IST" finished-at="2022-01-07T15:12:15 IST">
      <class name="week5.day1.LearnTemp">
        <test-method status="PASS" signature="createIncidentWithoutBody()[pri:0, instance:week5.day1.LearnTemp@612679d6]" name="createIncidentWithoutBody" duration-ms="4983" started-at="2022-01-07T15:12:10 IST" finished-at="2022-01-07T15:12:15 IST">
          <reporter-output>
          </reporter-output>
        </test-method> <!-- createIncidentWithoutBody -->
      </class> <!-- week5.day1.LearnTemp -->
    </test> <!-- Default test -->
  </suite> <!-- Default suite -->
</testng-results>
