<?xml version="1.0" encoding="UTF-8"?>
<testng-results ignored="0" total="3" passed="3" failed="0" skipped="0">
  <reporter-output>
  </reporter-output>
  <suite started-at="2021-12-22T23:46:02 IST" name="Default suite" finished-at="2021-12-22T23:46:11 IST" duration-ms="9181">
    <groups>
      <group name="cucumber">
        <method signature="AbstractTestNGCucumberTests.runScenario(io.cucumber.testng.PickleWrapper,io.cucumber.testng.FeatureWrapper)[pri:0, instance:cucmbers.run.RunCucumbers@f0da945]" name="runScenario" class="io.cucumber.testng.AbstractTestNGCucumberTests"/>
      </group> <!-- cucumber -->
    </groups>
    <test started-at="2021-12-22T23:46:02 IST" name="Default test" finished-at="2021-12-22T23:46:11 IST" duration-ms="9181">
      <class name="cucmbers.run.RunCucumbers">
        <test-method is-config="true" signature="setUpClass(org.testng.ITestContext)[pri:0, instance:cucmbers.run.RunCucumbers@f0da945]" started-at="2021-12-22T23:46:02 IST" name="setUpClass" finished-at="2021-12-22T23:46:03 IST" duration-ms="804" status="PASS">
          <params>
            <param index="0">
              <value>
                <![CDATA[org.testng.TestRunner@789c3057]]>
              </value>
            </param>
          </params>
          <reporter-output>
          </reporter-output>
        </test-method> <!-- setUpClass -->
        <test-method signature="runScenario(io.cucumber.testng.PickleWrapper,io.cucumber.testng.FeatureWrapper)[pri:0, instance:cucmbers.run.RunCucumbers@f0da945]" started-at="2021-12-22T23:46:03 IST" name="runScenario" description="Runs Cucumber Scenarios" data-provider="scenarios" finished-at="2021-12-22T23:46:09 IST" duration-ms="6073" status="PASS">
          <params>
            <param index="0">
              <value>
                <![CDATA["Create a new Issue"]]>
              </value>
            </param>
            <param index="1">
              <value>
                <![CDATA["Optional[IssueManagement]"]]>
              </value>
            </param>
          </params>
          <reporter-output>
          </reporter-output>
        </test-method> <!-- runScenario -->
        <test-method signature="runScenario(io.cucumber.testng.PickleWrapper,io.cucumber.testng.FeatureWrapper)[pri:0, instance:cucmbers.run.RunCucumbers@f0da945]" started-at="2021-12-22T23:46:09 IST" name="runScenario" description="Runs Cucumber Scenarios" data-provider="scenarios" finished-at="2021-12-22T23:46:10 IST" duration-ms="815" status="PASS">
          <params>
            <param index="0">
              <value>
                <![CDATA["Create a new issue with 2 set of data"]]>
              </value>
            </param>
            <param index="1">
              <value>
                <![CDATA["Optional[IssueManagement]"]]>
              </value>
            </param>
          </params>
          <reporter-output>
          </reporter-output>
        </test-method> <!-- runScenario -->
        <test-method signature="runScenario(io.cucumber.testng.PickleWrapper,io.cucumber.testng.FeatureWrapper)[pri:0, instance:cucmbers.run.RunCucumbers@f0da945]" started-at="2021-12-22T23:46:10 IST" name="runScenario" description="Runs Cucumber Scenarios" data-provider="scenarios" finished-at="2021-12-22T23:46:11 IST" duration-ms="1332" status="PASS">
          <params>
            <param index="0">
              <value>
                <![CDATA["Create a new issue with 2 set of data"]]>
              </value>
            </param>
            <param index="1">
              <value>
                <![CDATA["Optional[IssueManagement]"]]>
              </value>
            </param>
          </params>
          <reporter-output>
          </reporter-output>
        </test-method> <!-- runScenario -->
        <test-method is-config="true" signature="tearDownClass()[pri:0, instance:cucmbers.run.RunCucumbers@f0da945]" started-at="2021-12-22T23:46:11 IST" name="tearDownClass" finished-at="2021-12-22T23:46:11 IST" duration-ms="32" status="PASS">
          <reporter-output>
          </reporter-output>
        </test-method> <!-- tearDownClass -->
      </class> <!-- cucmbers.run.RunCucumbers -->
    </test> <!-- Default test -->
  </suite> <!-- Default suite -->
</testng-results>
